<?xml version="1.0" encoding="UTF-8"?>
<!-- Generated by org.testng.reporters.JUnitReportReporter -->
<testsuite hostname="WIN-RRKBH3GGRHU" failures="0" tests="1" name="NewTest" time="0.013" errors="0" timestamp="2020-05-12T21:12:02 CST" skipped="0">
  <testcase classname="NewTest" name="f" time="0.013"/>
  <system-out/>
</testsuite> <!-- NewTest -->
