<?xml version="1.0" encoding="UTF-8"?>
<!-- Generated by org.testng.reporters.JUnitReportReporter -->
<testsuite hostname="WIN-RRKBH3GGRHU" failures="0" tests="1" name="TestCase1.NewTest" time="0.012" errors="0" timestamp="2020-05-12T21:30:03 CST" skipped="0">
  <testcase classname="TestCase1.NewTest" name="f" time="0.012"/>
  <system-out/>
</testsuite> <!-- TestCase1.NewTest -->
