<?xml version="1.0" encoding="UTF-8"?>
<!-- Generated by org.testng.reporters.JUnitReportReporter -->
<testsuite hostname="WIN-RRKBH3GGRHU" failures="0" tests="1" name="MaxValueTest" time="0.000" errors="0" timestamp="2020-05-13T15:01:40 CST" skipped="0">
  <testcase classname="MaxValueTest" name="maxTest" time="0.000"/>
  <system-out/>
</testsuite> <!-- MaxValueTest -->
