<?xml version="1.0" encoding="UTF-8"?>
<!-- Generated by org.testng.reporters.JUnitReportReporter -->
<testsuite hostname="WIN-RRKBH3GGRHU" failures="0" tests="1" name="MinValueTest" time="0.031" errors="0" timestamp="2020-05-13T15:01:40 CST" skipped="0">
  <testcase classname="MinValueTest" name="minTest" time="0.031"/>
  <system-out/>
</testsuite> <!-- MinValueTest -->
