<?xml version="1.0" encoding="UTF-8"?>
<!-- Generated by org.testng.reporters.JUnitReportReporter -->
<testsuite hostname="WIN-RRKBH3GGRHU" failures="0" tests="2" name="TestCase2" time="0.011" errors="0" timestamp="2020-05-12T21:39:04 CST" skipped="0">
  <testcase classname="TestCase2" name="f" time="0.003"/>
  <system-out/>
  <testcase classname="TestCase2" name="f" time="0.008"/>
  <system-out/>
</testsuite> <!-- TestCase2 -->
