<?xml version="1.0" encoding="UTF-8"?>
<!-- Generated by org.testng.reporters.JUnitReportReporter -->
<testsuite hostname="WIN-RRKBH3GGRHU" failures="0" tests="1" name="TestCase1" time="0.013" errors="0" timestamp="2020-05-12T21:31:39 CST" skipped="0">
  <testcase classname="TestCase1" name="f" time="0.013"/>
  <system-out/>
</testsuite> <!-- TestCase1 -->
